<?xml version="1.0" encoding="UTF-8"?>
<!-- Generated by org.testng.reporters.JUnitReportReporter -->
<testsuite hostname="DESKTOP-M02POL9" failures="0" tests="3" name="HTML" time="0.250" errors="0" timestamp="2022-11-18T16:13:08 EET" skipped="0">
  <testcase classname="HTML" name="check_add_to_cart_process" time="0.003"/>
  <system-out/>
  <testcase classname="HTML" name="check_The_high_to_low" time="0.001"/>
  <system-out/>
  <testcase classname="HTML" name="sort_items_low_to_high" time="0.246"/>
  <system-out/>
</testsuite> <!-- HTML -->
