<?xml version="1.0" encoding="UTF-8"?>
<!-- Generated by org.testng.reporters.JUnitReportReporter -->
<testsuite hostname="DESKTOP-M02POL9" failures="0" tests="1" name="sooofffttt" time="2.303" errors="0" timestamp="2022-11-21T19:14:52 EET" skipped="0">
  <testcase classname="sooofffttt" name="test_number_one" time="2.303"/>
  <system-out/>
</testsuite> <!-- sooofffttt -->
